<?xml version="1.0" encoding="UTF-8"?>
<testsuite xmlns:xsi="http://www.w3.org/2001/XMLSchema-instance" xsi:noNamespaceSchemaLocation="https://maven.apache.org/surefire/maven-surefire-plugin/xsd/surefire-test-report.xsd" name="de.accenture.restaurant.RestaurantApplicationTests" time="0.02" tests="1" errors="0" skipped="0" failures="0">
  <properties>
    <property name="java.specification.version" value="13"/>
    <property name="sun.cpu.isalist" value="amd64"/>
    <property name="sun.jnu.encoding" value="Cp1256"/>
    <property name="java.class.path" value="E:\Accenture-Task\restaurant-accenture\server\target\test-classes;E:\Accenture-Task\restaurant-accenture\server\target\classes;C:\Users\Lenovo\.m2\repository\org\springframework\boot\spring-boot-starter-data-jpa\2.4.0\spring-boot-starter-data-jpa-2.4.0.jar;C:\Users\Lenovo\.m2\repository\org\springframework\boot\spring-boot-starter-aop\2.4.0\spring-boot-starter-aop-2.4.0.jar;C:\Users\Lenovo\.m2\repository\org\springframework\spring-aop\5.3.1\spring-aop-5.3.1.jar;C:\Users\Lenovo\.m2\repository\org\aspectj\aspectjweaver\1.9.6\aspectjweaver-1.9.6.jar;C:\Users\Lenovo\.m2\repository\org\springframework\boot\spring-boot-starter-jdbc\2.4.0\spring-boot-starter-jdbc-2.4.0.jar;C:\Users\Lenovo\.m2\repository\com\zaxxer\HikariCP\3.4.5\HikariCP-3.4.5.jar;C:\Users\Lenovo\.m2\repository\org\springframework\spring-jdbc\5.3.1\spring-jdbc-5.3.1.jar;C:\Users\Lenovo\.m2\repository\jakarta\transaction\jakarta.transaction-api\1.3.3\jakarta.transaction-api-1.3.3.jar;C:\Users\Lenovo\.m2\repository\jakarta\persistence\jakarta.persistence-api\2.2.3\jakarta.persistence-api-2.2.3.jar;C:\Users\Lenovo\.m2\repository\org\hibernate\hibernate-core\5.4.23.Final\hibernate-core-5.4.23.Final.jar;C:\Users\Lenovo\.m2\repository\org\jboss\logging\jboss-logging\3.4.1.Final\jboss-logging-3.4.1.Final.jar;C:\Users\Lenovo\.m2\repository\org\javassist\javassist\3.24.0-GA\javassist-3.24.0-GA.jar;C:\Users\Lenovo\.m2\repository\net\bytebuddy\byte-buddy\1.10.18\byte-buddy-1.10.18.jar;C:\Users\Lenovo\.m2\repository\antlr\antlr\2.7.7\antlr-2.7.7.jar;C:\Users\Lenovo\.m2\repository\org\jboss\jandex\2.1.3.Final\jandex-2.1.3.Final.jar;C:\Users\Lenovo\.m2\repository\com\fasterxml\classmate\1.5.1\classmate-1.5.1.jar;C:\Users\Lenovo\.m2\repository\org\dom4j\dom4j\2.1.3\dom4j-2.1.3.jar;C:\Users\Lenovo\.m2\repository\org\hibernate\common\hibernate-commons-annotations\5.1.2.Final\hibernate-commons-annotations-5.1.2.Final.jar;C:\Users\Lenovo\.m2\repository\org\glassfish\jaxb\jaxb-runtime\2.3.3\jaxb-runtime-2.3.3.jar;C:\Users\Lenovo\.m2\repository\org\glassfish\jaxb\txw2\2.3.3\txw2-2.3.3.jar;C:\Users\Lenovo\.m2\repository\com\sun\istack\istack-commons-runtime\3.0.11\istack-commons-runtime-3.0.11.jar;C:\Users\Lenovo\.m2\repository\com\sun\activation\jakarta.activation\1.2.2\jakarta.activation-1.2.2.jar;C:\Users\Lenovo\.m2\repository\org\springframework\data\spring-data-jpa\2.4.1\spring-data-jpa-2.4.1.jar;C:\Users\Lenovo\.m2\repository\org\springframework\data\spring-data-commons\2.4.1\spring-data-commons-2.4.1.jar;C:\Users\Lenovo\.m2\repository\org\springframework\spring-orm\5.3.1\spring-orm-5.3.1.jar;C:\Users\Lenovo\.m2\repository\org\springframework\spring-context\5.3.1\spring-context-5.3.1.jar;C:\Users\Lenovo\.m2\repository\org\springframework\spring-tx\5.3.1\spring-tx-5.3.1.jar;C:\Users\Lenovo\.m2\repository\org\springframework\spring-beans\5.3.1\spring-beans-5.3.1.jar;C:\Users\Lenovo\.m2\repository\org\slf4j\slf4j-api\1.7.30\slf4j-api-1.7.30.jar;C:\Users\Lenovo\.m2\repository\org\springframework\spring-aspects\5.3.1\spring-aspects-5.3.1.jar;C:\Users\Lenovo\.m2\repository\org\springframework\boot\spring-boot-starter-web\2.4.0\spring-boot-starter-web-2.4.0.jar;C:\Users\Lenovo\.m2\repository\org\springframework\boot\spring-boot-starter\2.4.0\spring-boot-starter-2.4.0.jar;C:\Users\Lenovo\.m2\repository\org\springframework\boot\spring-boot\2.4.0\spring-boot-2.4.0.jar;C:\Users\Lenovo\.m2\repository\org\springframework\boot\spring-boot-autoconfigure\2.4.0\spring-boot-autoconfigure-2.4.0.jar;C:\Users\Lenovo\.m2\repository\org\springframework\boot\spring-boot-starter-logging\2.4.0\spring-boot-starter-logging-2.4.0.jar;C:\Users\Lenovo\.m2\repository\ch\qos\logback\logback-classic\1.2.3\logback-classic-1.2.3.jar;C:\Users\Lenovo\.m2\repository\ch\qos\logback\logback-core\1.2.3\logback-core-1.2.3.jar;C:\Users\Lenovo\.m2\repository\org\apache\logging\log4j\log4j-to-slf4j\2.13.3\log4j-to-slf4j-2.13.3.jar;C:\Users\Lenovo\.m2\repository\org\apache\logging\log4j\log4j-api\2.13.3\log4j-api-2.13.3.jar;C:\Users\Lenovo\.m2\repository\org\slf4j\jul-to-slf4j\1.7.30\jul-to-slf4j-1.7.30.jar;C:\Users\Lenovo\.m2\repository\jakarta\annotation\jakarta.annotation-api\1.3.5\jakarta.annotation-api-1.3.5.jar;C:\Users\Lenovo\.m2\repository\org\yaml\snakeyaml\1.27\snakeyaml-1.27.jar;C:\Users\Lenovo\.m2\repository\org\springframework\boot\spring-boot-starter-json\2.4.0\spring-boot-starter-json-2.4.0.jar;C:\Users\Lenovo\.m2\repository\com\fasterxml\jackson\core\jackson-databind\2.11.3\jackson-databind-2.11.3.jar;C:\Users\Lenovo\.m2\repository\com\fasterxml\jackson\core\jackson-annotations\2.11.3\jackson-annotations-2.11.3.jar;C:\Users\Lenovo\.m2\repository\com\fasterxml\jackson\core\jackson-core\2.11.3\jackson-core-2.11.3.jar;C:\Users\Lenovo\.m2\repository\com\fasterxml\jackson\datatype\jackson-datatype-jdk8\2.11.3\jackson-datatype-jdk8-2.11.3.jar;C:\Users\Lenovo\.m2\repository\com\fasterxml\jackson\datatype\jackson-datatype-jsr310\2.11.3\jackson-datatype-jsr310-2.11.3.jar;C:\Users\Lenovo\.m2\repository\com\fasterxml\jackson\module\jackson-module-parameter-names\2.11.3\jackson-module-parameter-names-2.11.3.jar;C:\Users\Lenovo\.m2\repository\org\springframework\boot\spring-boot-starter-tomcat\2.4.0\spring-boot-starter-tomcat-2.4.0.jar;C:\Users\Lenovo\.m2\repository\org\apache\tomcat\embed\tomcat-embed-core\9.0.39\tomcat-embed-core-9.0.39.jar;C:\Users\Lenovo\.m2\repository\org\glassfish\jakarta.el\3.0.3\jakarta.el-3.0.3.jar;C:\Users\Lenovo\.m2\repository\org\apache\tomcat\embed\tomcat-embed-websocket\9.0.39\tomcat-embed-websocket-9.0.39.jar;C:\Users\Lenovo\.m2\repository\org\springframework\spring-web\5.3.1\spring-web-5.3.1.jar;C:\Users\Lenovo\.m2\repository\org\springframework\spring-webmvc\5.3.1\spring-webmvc-5.3.1.jar;C:\Users\Lenovo\.m2\repository\org\springframework\spring-expression\5.3.1\spring-expression-5.3.1.jar;C:\Users\Lenovo\.m2\repository\mysql\mysql-connector-java\8.0.22\mysql-connector-java-8.0.22.jar;C:\Users\Lenovo\.m2\repository\org\projectlombok\lombok\1.18.16\lombok-1.18.16.jar;C:\Users\Lenovo\.m2\repository\org\springframework\boot\spring-boot-starter-test\2.4.0\spring-boot-starter-test-2.4.0.jar;C:\Users\Lenovo\.m2\repository\org\springframework\boot\spring-boot-test\2.4.0\spring-boot-test-2.4.0.jar;C:\Users\Lenovo\.m2\repository\org\springframework\boot\spring-boot-test-autoconfigure\2.4.0\spring-boot-test-autoconfigure-2.4.0.jar;C:\Users\Lenovo\.m2\repository\com\jayway\jsonpath\json-path\2.4.0\json-path-2.4.0.jar;C:\Users\Lenovo\.m2\repository\net\minidev\json-smart\2.3\json-smart-2.3.jar;C:\Users\Lenovo\.m2\repository\net\minidev\accessors-smart\1.2\accessors-smart-1.2.jar;C:\Users\Lenovo\.m2\repository\org\ow2\asm\asm\5.0.4\asm-5.0.4.jar;C:\Users\Lenovo\.m2\repository\jakarta\xml\bind\jakarta.xml.bind-api\2.3.3\jakarta.xml.bind-api-2.3.3.jar;C:\Users\Lenovo\.m2\repository\jakarta\activation\jakarta.activation-api\1.2.2\jakarta.activation-api-1.2.2.jar;C:\Users\Lenovo\.m2\repository\org\assertj\assertj-core\3.18.1\assertj-core-3.18.1.jar;C:\Users\Lenovo\.m2\repository\org\hamcrest\hamcrest\2.2\hamcrest-2.2.jar;C:\Users\Lenovo\.m2\repository\org\junit\jupiter\junit-jupiter\5.7.0\junit-jupiter-5.7.0.jar;C:\Users\Lenovo\.m2\repository\org\junit\jupiter\junit-jupiter-api\5.7.0\junit-jupiter-api-5.7.0.jar;C:\Users\Lenovo\.m2\repository\org\apiguardian\apiguardian-api\1.1.0\apiguardian-api-1.1.0.jar;C:\Users\Lenovo\.m2\repository\org\opentest4j\opentest4j\1.2.0\opentest4j-1.2.0.jar;C:\Users\Lenovo\.m2\repository\org\junit\platform\junit-platform-commons\1.7.0\junit-platform-commons-1.7.0.jar;C:\Users\Lenovo\.m2\repository\org\junit\jupiter\junit-jupiter-params\5.7.0\junit-jupiter-params-5.7.0.jar;C:\Users\Lenovo\.m2\repository\org\junit\jupiter\junit-jupiter-engine\5.7.0\junit-jupiter-engine-5.7.0.jar;C:\Users\Lenovo\.m2\repository\org\junit\platform\junit-platform-engine\1.7.0\junit-platform-engine-1.7.0.jar;C:\Users\Lenovo\.m2\repository\org\mockito\mockito-core\3.6.0\mockito-core-3.6.0.jar;C:\Users\Lenovo\.m2\repository\net\bytebuddy\byte-buddy-agent\1.10.18\byte-buddy-agent-1.10.18.jar;C:\Users\Lenovo\.m2\repository\org\objenesis\objenesis\3.1\objenesis-3.1.jar;C:\Users\Lenovo\.m2\repository\org\mockito\mockito-junit-jupiter\3.6.0\mockito-junit-jupiter-3.6.0.jar;C:\Users\Lenovo\.m2\repository\org\skyscreamer\jsonassert\1.5.0\jsonassert-1.5.0.jar;C:\Users\Lenovo\.m2\repository\com\vaadin\external\google\android-json\0.0.20131108.vaadin1\android-json-0.0.20131108.vaadin1.jar;C:\Users\Lenovo\.m2\repository\org\springframework\spring-core\5.3.1\spring-core-5.3.1.jar;C:\Users\Lenovo\.m2\repository\org\springframework\spring-jcl\5.3.1\spring-jcl-5.3.1.jar;C:\Users\Lenovo\.m2\repository\org\springframework\spring-test\5.3.1\spring-test-5.3.1.jar;C:\Users\Lenovo\.m2\repository\org\xmlunit\xmlunit-core\2.7.0\xmlunit-core-2.7.0.jar;C:\Users\Lenovo\.m2\repository\com\amazonaws\aws-java-sdk\1.11.133\aws-java-sdk-1.11.133.jar;C:\Users\Lenovo\.m2\repository\com\amazonaws\aws-java-sdk-athena\1.11.133\aws-java-sdk-athena-1.11.133.jar;C:\Users\Lenovo\.m2\repository\com\amazonaws\jmespath-java\1.11.133\jmespath-java-1.11.133.jar;C:\Users\Lenovo\.m2\repository\com\amazonaws\aws-java-sdk-marketplaceentitlement\1.11.133\aws-java-sdk-marketplaceentitlement-1.11.133.jar;C:\Users\Lenovo\.m2\repository\com\amazonaws\aws-java-sdk-codestar\1.11.133\aws-java-sdk-codestar-1.11.133.jar;C:\Users\Lenovo\.m2\repository\com\amazonaws\aws-java-sdk-lexmodelbuilding\1.11.133\aws-java-sdk-lexmodelbuilding-1.11.133.jar;C:\Users\Lenovo\.m2\repository\com\amazonaws\aws-java-sdk-resourcegroupstaggingapi\1.11.133\aws-java-sdk-resourcegroupstaggingapi-1.11.133.jar;C:\Users\Lenovo\.m2\repository\com\amazonaws\aws-java-sdk-pinpoint\1.11.133\aws-java-sdk-pinpoint-1.11.133.jar;C:\Users\Lenovo\.m2\repository\com\amazonaws\aws-java-sdk-xray\1.11.133\aws-java-sdk-xray-1.11.133.jar;C:\Users\Lenovo\.m2\repository\com\amazonaws\aws-java-sdk-opsworkscm\1.11.133\aws-java-sdk-opsworkscm-1.11.133.jar;C:\Users\Lenovo\.m2\repository\com\amazonaws\aws-java-sdk-support\1.11.133\aws-java-sdk-support-1.11.133.jar;C:\Users\Lenovo\.m2\repository\com\amazonaws\aws-java-sdk-simpledb\1.11.133\aws-java-sdk-simpledb-1.11.133.jar;C:\Users\Lenovo\.m2\repository\com\amazonaws\aws-java-sdk-servicecatalog\1.11.133\aws-java-sdk-servicecatalog-1.11.133.jar;C:\Users\Lenovo\.m2\repository\com\amazonaws\aws-java-sdk-servermigration\1.11.133\aws-java-sdk-servermigration-1.11.133.jar;C:\Users\Lenovo\.m2\repository\com\amazonaws\aws-java-sdk-simpleworkflow\1.11.133\aws-java-sdk-simpleworkflow-1.11.133.jar;C:\Users\Lenovo\.m2\repository\com\amazonaws\aws-java-sdk-storagegateway\1.11.133\aws-java-sdk-storagegateway-1.11.133.jar;C:\Users\Lenovo\.m2\repository\com\amazonaws\aws-java-sdk-route53\1.11.133\aws-java-sdk-route53-1.11.133.jar;C:\Users\Lenovo\.m2\repository\com\amazonaws\aws-java-sdk-s3\1.11.133\aws-java-sdk-s3-1.11.133.jar;C:\Users\Lenovo\.m2\repository\com\amazonaws\aws-java-sdk-importexport\1.11.133\aws-java-sdk-importexport-1.11.133.jar;C:\Users\Lenovo\.m2\repository\com\amazonaws\aws-java-sdk-sts\1.11.133\aws-java-sdk-sts-1.11.133.jar;C:\Users\Lenovo\.m2\repository\com\amazonaws\aws-java-sdk-sqs\1.11.133\aws-java-sdk-sqs-1.11.133.jar;C:\Users\Lenovo\.m2\repository\com\amazonaws\aws-java-sdk-rds\1.11.133\aws-java-sdk-rds-1.11.133.jar;C:\Users\Lenovo\.m2\repository\com\amazonaws\aws-java-sdk-redshift\1.11.133\aws-java-sdk-redshift-1.11.133.jar;C:\Users\Lenovo\.m2\repository\com\amazonaws\aws-java-sdk-elasticbeanstalk\1.11.133\aws-java-sdk-elasticbeanstalk-1.11.133.jar;C:\Users\Lenovo\.m2\repository\com\amazonaws\aws-java-sdk-glacier\1.11.133\aws-java-sdk-glacier-1.11.133.jar;C:\Users\Lenovo\.m2\repository\com\amazonaws\aws-java-sdk-iam\1.11.133\aws-java-sdk-iam-1.11.133.jar;C:\Users\Lenovo\.m2\repository\com\amazonaws\aws-java-sdk-datapipeline\1.11.133\aws-java-sdk-datapipeline-1.11.133.jar;C:\Users\Lenovo\.m2\repository\com\amazonaws\aws-java-sdk-elasticloadbalancing\1.11.133\aws-java-sdk-elasticloadbalancing-1.11.133.jar;C:\Users\Lenovo\.m2\repository\com\amazonaws\aws-java-sdk-elasticloadbalancingv2\1.11.133\aws-java-sdk-elasticloadbalancingv2-1.11.133.jar;C:\Users\Lenovo\.m2\repository\com\amazonaws\aws-java-sdk-emr\1.11.133\aws-java-sdk-emr-1.11.133.jar;C:\Users\Lenovo\.m2\repository\com\amazonaws\aws-java-sdk-elasticache\1.11.133\aws-java-sdk-elasticache-1.11.133.jar;C:\Users\Lenovo\.m2\repository\com\amazonaws\aws-java-sdk-elastictranscoder\1.11.133\aws-java-sdk-elastictranscoder-1.11.133.jar;C:\Users\Lenovo\.m2\repository\com\amazonaws\aws-java-sdk-ec2\1.11.133\aws-java-sdk-ec2-1.11.133.jar;C:\Users\Lenovo\.m2\repository\com\amazonaws\aws-java-sdk-dynamodb\1.11.133\aws-java-sdk-dynamodb-1.11.133.jar;C:\Users\Lenovo\.m2\repository\com\amazonaws\aws-java-sdk-sns\1.11.133\aws-java-sdk-sns-1.11.133.jar;C:\Users\Lenovo\.m2\repository\com\amazonaws\aws-java-sdk-budgets\1.11.133\aws-java-sdk-budgets-1.11.133.jar;C:\Users\Lenovo\.m2\repository\com\amazonaws\aws-java-sdk-cloudtrail\1.11.133\aws-java-sdk-cloudtrail-1.11.133.jar;C:\Users\Lenovo\.m2\repository\com\amazonaws\aws-java-sdk-cloudwatch\1.11.133\aws-java-sdk-cloudwatch-1.11.133.jar;C:\Users\Lenovo\.m2\repository\com\amazonaws\aws-java-sdk-logs\1.11.133\aws-java-sdk-logs-1.11.133.jar;C:\Users\Lenovo\.m2\repository\com\amazonaws\aws-java-sdk-events\1.11.133\aws-java-sdk-events-1.11.133.jar;C:\Users\Lenovo\.m2\repository\com\amazonaws\aws-java-sdk-cognitoidentity\1.11.133\aws-java-sdk-cognitoidentity-1.11.133.jar;C:\Users\Lenovo\.m2\repository\com\amazonaws\aws-java-sdk-cognitosync\1.11.133\aws-java-sdk-cognitosync-1.11.133.jar;C:\Users\Lenovo\.m2\repository\com\amazonaws\aws-java-sdk-directconnect\1.11.133\aws-java-sdk-directconnect-1.11.133.jar;C:\Users\Lenovo\.m2\repository\com\amazonaws\aws-java-sdk-cloudformation\1.11.133\aws-java-sdk-cloudformation-1.11.133.jar;C:\Users\Lenovo\.m2\repository\com\amazonaws\aws-java-sdk-cloudfront\1.11.133\aws-java-sdk-cloudfront-1.11.133.jar;C:\Users\Lenovo\.m2\repository\com\amazonaws\aws-java-sdk-clouddirectory\1.11.133\aws-java-sdk-clouddirectory-1.11.133.jar;C:\Users\Lenovo\.m2\repository\com\amazonaws\aws-java-sdk-kinesis\1.11.133\aws-java-sdk-kinesis-1.11.133.jar;C:\Users\Lenovo\.m2\repository\com\amazonaws\aws-java-sdk-opsworks\1.11.133\aws-java-sdk-opsworks-1.11.133.jar;C:\Users\Lenovo\.m2\repository\com\amazonaws\aws-java-sdk-ses\1.11.133\aws-java-sdk-ses-1.11.133.jar;C:\Users\Lenovo\.m2\repository\com\amazonaws\aws-java-sdk-autoscaling\1.11.133\aws-java-sdk-autoscaling-1.11.133.jar;C:\Users\Lenovo\.m2\repository\com\amazonaws\aws-java-sdk-cloudsearch\1.11.133\aws-java-sdk-cloudsearch-1.11.133.jar;C:\Users\Lenovo\.m2\repository\com\amazonaws\aws-java-sdk-cloudwatchmetrics\1.11.133\aws-java-sdk-cloudwatchmetrics-1.11.133.jar;C:\Users\Lenovo\.m2\repository\com\amazonaws\aws-java-sdk-codedeploy\1.11.133\aws-java-sdk-codedeploy-1.11.133.jar;C:\Users\Lenovo\.m2\repository\com\amazonaws\aws-java-sdk-codepipeline\1.11.133\aws-java-sdk-codepipeline-1.11.133.jar;C:\Users\Lenovo\.m2\repository\com\amazonaws\aws-java-sdk-kms\1.11.133\aws-java-sdk-kms-1.11.133.jar;C:\Users\Lenovo\.m2\repository\com\amazonaws\aws-java-sdk-config\1.11.133\aws-java-sdk-config-1.11.133.jar;C:\Users\Lenovo\.m2\repository\com\amazonaws\aws-java-sdk-lambda\1.11.133\aws-java-sdk-lambda-1.11.133.jar;C:\Users\Lenovo\.m2\repository\com\amazonaws\aws-java-sdk-ecs\1.11.133\aws-java-sdk-ecs-1.11.133.jar;C:\Users\Lenovo\.m2\repository\com\amazonaws\aws-java-sdk-ecr\1.11.133\aws-java-sdk-ecr-1.11.133.jar;C:\Users\Lenovo\.m2\repository\com\amazonaws\aws-java-sdk-cloudhsm\1.11.133\aws-java-sdk-cloudhsm-1.11.133.jar;C:\Users\Lenovo\.m2\repository\com\amazonaws\aws-java-sdk-ssm\1.11.133\aws-java-sdk-ssm-1.11.133.jar;C:\Users\Lenovo\.m2\repository\com\amazonaws\aws-java-sdk-workspaces\1.11.133\aws-java-sdk-workspaces-1.11.133.jar;C:\Users\Lenovo\.m2\repository\com\amazonaws\aws-java-sdk-machinelearning\1.11.133\aws-java-sdk-machinelearning-1.11.133.jar;C:\Users\Lenovo\.m2\repository\com\amazonaws\aws-java-sdk-directory\1.11.133\aws-java-sdk-directory-1.11.133.jar;C:\Users\Lenovo\.m2\repository\com\amazonaws\aws-java-sdk-efs\1.11.133\aws-java-sdk-efs-1.11.133.jar;C:\Users\Lenovo\.m2\repository\com\amazonaws\aws-java-sdk-codecommit\1.11.133\aws-java-sdk-codecommit-1.11.133.jar;C:\Users\Lenovo\.m2\repository\com\amazonaws\aws-java-sdk-devicefarm\1.11.133\aws-java-sdk-devicefarm-1.11.133.jar;C:\Users\Lenovo\.m2\repository\com\amazonaws\aws-java-sdk-elasticsearch\1.11.133\aws-java-sdk-elasticsearch-1.11.133.jar;C:\Users\Lenovo\.m2\repository\com\amazonaws\aws-java-sdk-waf\1.11.133\aws-java-sdk-waf-1.11.133.jar;C:\Users\Lenovo\.m2\repository\com\amazonaws\aws-java-sdk-marketplacecommerceanalytics\1.11.133\aws-java-sdk-marketplacecommerceanalytics-1.11.133.jar;C:\Users\Lenovo\.m2\repository\com\amazonaws\aws-java-sdk-inspector\1.11.133\aws-java-sdk-inspector-1.11.133.jar;C:\Users\Lenovo\.m2\repository\com\amazonaws\aws-java-sdk-iot\1.11.133\aws-java-sdk-iot-1.11.133.jar;C:\Users\Lenovo\.m2\repository\com\amazonaws\aws-java-sdk-api-gateway\1.11.133\aws-java-sdk-api-gateway-1.11.133.jar;C:\Users\Lenovo\.m2\repository\com\amazonaws\aws-java-sdk-acm\1.11.133\aws-java-sdk-acm-1.11.133.jar;C:\Users\Lenovo\.m2\repository\com\amazonaws\aws-java-sdk-gamelift\1.11.133\aws-java-sdk-gamelift-1.11.133.jar;C:\Users\Lenovo\.m2\repository\com\amazonaws\aws-java-sdk-dms\1.11.133\aws-java-sdk-dms-1.11.133.jar;C:\Users\Lenovo\.m2\repository\com\amazonaws\aws-java-sdk-marketplacemeteringservice\1.11.133\aws-java-sdk-marketplacemeteringservice-1.11.133.jar;C:\Users\Lenovo\.m2\repository\com\amazonaws\aws-java-sdk-cognitoidp\1.11.133\aws-java-sdk-cognitoidp-1.11.133.jar;C:\Users\Lenovo\.m2\repository\com\amazonaws\aws-java-sdk-discovery\1.11.133\aws-java-sdk-discovery-1.11.133.jar;C:\Users\Lenovo\.m2\repository\com\amazonaws\aws-java-sdk-applicationautoscaling\1.11.133\aws-java-sdk-applicationautoscaling-1.11.133.jar;C:\Users\Lenovo\.m2\repository\com\amazonaws\aws-java-sdk-snowball\1.11.133\aws-java-sdk-snowball-1.11.133.jar;C:\Users\Lenovo\.m2\repository\com\amazonaws\aws-java-sdk-rekognition\1.11.133\aws-java-sdk-rekognition-1.11.133.jar;C:\Users\Lenovo\.m2\repository\com\amazonaws\aws-java-sdk-polly\1.11.133\aws-java-sdk-polly-1.11.133.jar;C:\Users\Lenovo\.m2\repository\com\amazonaws\aws-java-sdk-lightsail\1.11.133\aws-java-sdk-lightsail-1.11.133.jar;C:\Users\Lenovo\.m2\repository\com\amazonaws\aws-java-sdk-stepfunctions\1.11.133\aws-java-sdk-stepfunctions-1.11.133.jar;C:\Users\Lenovo\.m2\repository\com\amazonaws\aws-java-sdk-health\1.11.133\aws-java-sdk-health-1.11.133.jar;C:\Users\Lenovo\.m2\repository\com\amazonaws\aws-java-sdk-costandusagereport\1.11.133\aws-java-sdk-costandusagereport-1.11.133.jar;C:\Users\Lenovo\.m2\repository\com\amazonaws\aws-java-sdk-codebuild\1.11.133\aws-java-sdk-codebuild-1.11.133.jar;C:\Users\Lenovo\.m2\repository\com\amazonaws\aws-java-sdk-appstream\1.11.133\aws-java-sdk-appstream-1.11.133.jar;C:\Users\Lenovo\.m2\repository\com\amazonaws\aws-java-sdk-shield\1.11.133\aws-java-sdk-shield-1.11.133.jar;C:\Users\Lenovo\.m2\repository\com\amazonaws\aws-java-sdk-batch\1.11.133\aws-java-sdk-batch-1.11.133.jar;C:\Users\Lenovo\.m2\repository\com\amazonaws\aws-java-sdk-lex\1.11.133\aws-java-sdk-lex-1.11.133.jar;C:\Users\Lenovo\.m2\repository\com\amazonaws\aws-java-sdk-mechanicalturkrequester\1.11.133\aws-java-sdk-mechanicalturkrequester-1.11.133.jar;C:\Users\Lenovo\.m2\repository\com\amazonaws\aws-java-sdk-organizations\1.11.133\aws-java-sdk-organizations-1.11.133.jar;C:\Users\Lenovo\.m2\repository\com\amazonaws\aws-java-sdk-workdocs\1.11.133\aws-java-sdk-workdocs-1.11.133.jar;C:\Users\Lenovo\.m2\repository\com\amazonaws\aws-java-sdk-core\1.11.133\aws-java-sdk-core-1.11.133.jar;C:\Users\Lenovo\.m2\repository\commons-logging\commons-logging\1.1.3\commons-logging-1.1.3.jar;C:\Users\Lenovo\.m2\repository\org\apache\httpcomponents\httpclient\4.5.13\httpclient-4.5.13.jar;C:\Users\Lenovo\.m2\repository\org\apache\httpcomponents\httpcore\4.4.13\httpcore-4.4.13.jar;C:\Users\Lenovo\.m2\repository\commons-codec\commons-codec\1.15\commons-codec-1.15.jar;C:\Users\Lenovo\.m2\repository\software\amazon\ion\ion-java\1.0.2\ion-java-1.0.2.jar;C:\Users\Lenovo\.m2\repository\com\fasterxml\jackson\dataformat\jackson-dataformat-cbor\2.11.3\jackson-dataformat-cbor-2.11.3.jar;C:\Users\Lenovo\.m2\repository\joda-time\joda-time\2.8.1\joda-time-2.8.1.jar;C:\Users\Lenovo\.m2\repository\com\amazonaws\aws-java-sdk-models\1.11.133\aws-java-sdk-models-1.11.133.jar;C:\Users\Lenovo\.m2\repository\com\amazonaws\aws-java-sdk-swf-libraries\1.11.22\aws-java-sdk-swf-libraries-1.11.22.jar;"/>
    <property name="java.vm.vendor" value="Oracle Corporation"/>
    <property name="sun.arch.data.model" value="64"/>
    <property name="user.variant" value=""/>
    <property name="java.vendor.url" value="https://java.oracle.com/"/>
    <property name="user.timezone" value="Europe/Berlin"/>
    <property name="user.country.format" value="AS"/>
    <property name="os.name" value="Windows 10"/>
    <property name="java.vm.specification.version" value="13"/>
    <property name="sun.java.launcher" value="SUN_STANDARD"/>
    <property name="user.country" value="GB"/>
    <property name="sun.boot.library.path" value="C:\Program Files\Java\jdk-13.0.2\bin"/>
    <property name="sun.java.command" value="C:\Users\Lenovo\AppData\Local\Temp\surefire7114924939474320821\surefirebooter16217499018566502372.jar C:\Users\Lenovo\AppData\Local\Temp\surefire7114924939474320821 2020-12-14T09-36-46_741-jvmRun1 surefire10735076129156292320tmp surefire_01833032201605357361tmp"/>
    <property name="jdk.debug" value="release"/>
    <property name="surefire.test.class.path" value="E:\Accenture-Task\restaurant-accenture\server\target\test-classes;E:\Accenture-Task\restaurant-accenture\server\target\classes;C:\Users\Lenovo\.m2\repository\org\springframework\boot\spring-boot-starter-data-jpa\2.4.0\spring-boot-starter-data-jpa-2.4.0.jar;C:\Users\Lenovo\.m2\repository\org\springframework\boot\spring-boot-starter-aop\2.4.0\spring-boot-starter-aop-2.4.0.jar;C:\Users\Lenovo\.m2\repository\org\springframework\spring-aop\5.3.1\spring-aop-5.3.1.jar;C:\Users\Lenovo\.m2\repository\org\aspectj\aspectjweaver\1.9.6\aspectjweaver-1.9.6.jar;C:\Users\Lenovo\.m2\repository\org\springframework\boot\spring-boot-starter-jdbc\2.4.0\spring-boot-starter-jdbc-2.4.0.jar;C:\Users\Lenovo\.m2\repository\com\zaxxer\HikariCP\3.4.5\HikariCP-3.4.5.jar;C:\Users\Lenovo\.m2\repository\org\springframework\spring-jdbc\5.3.1\spring-jdbc-5.3.1.jar;C:\Users\Lenovo\.m2\repository\jakarta\transaction\jakarta.transaction-api\1.3.3\jakarta.transaction-api-1.3.3.jar;C:\Users\Lenovo\.m2\repository\jakarta\persistence\jakarta.persistence-api\2.2.3\jakarta.persistence-api-2.2.3.jar;C:\Users\Lenovo\.m2\repository\org\hibernate\hibernate-core\5.4.23.Final\hibernate-core-5.4.23.Final.jar;C:\Users\Lenovo\.m2\repository\org\jboss\logging\jboss-logging\3.4.1.Final\jboss-logging-3.4.1.Final.jar;C:\Users\Lenovo\.m2\repository\org\javassist\javassist\3.24.0-GA\javassist-3.24.0-GA.jar;C:\Users\Lenovo\.m2\repository\net\bytebuddy\byte-buddy\1.10.18\byte-buddy-1.10.18.jar;C:\Users\Lenovo\.m2\repository\antlr\antlr\2.7.7\antlr-2.7.7.jar;C:\Users\Lenovo\.m2\repository\org\jboss\jandex\2.1.3.Final\jandex-2.1.3.Final.jar;C:\Users\Lenovo\.m2\repository\com\fasterxml\classmate\1.5.1\classmate-1.5.1.jar;C:\Users\Lenovo\.m2\repository\org\dom4j\dom4j\2.1.3\dom4j-2.1.3.jar;C:\Users\Lenovo\.m2\repository\org\hibernate\common\hibernate-commons-annotations\5.1.2.Final\hibernate-commons-annotations-5.1.2.Final.jar;C:\Users\Lenovo\.m2\repository\org\glassfish\jaxb\jaxb-runtime\2.3.3\jaxb-runtime-2.3.3.jar;C:\Users\Lenovo\.m2\repository\org\glassfish\jaxb\txw2\2.3.3\txw2-2.3.3.jar;C:\Users\Lenovo\.m2\repository\com\sun\istack\istack-commons-runtime\3.0.11\istack-commons-runtime-3.0.11.jar;C:\Users\Lenovo\.m2\repository\com\sun\activation\jakarta.activation\1.2.2\jakarta.activation-1.2.2.jar;C:\Users\Lenovo\.m2\repository\org\springframework\data\spring-data-jpa\2.4.1\spring-data-jpa-2.4.1.jar;C:\Users\Lenovo\.m2\repository\org\springframework\data\spring-data-commons\2.4.1\spring-data-commons-2.4.1.jar;C:\Users\Lenovo\.m2\repository\org\springframework\spring-orm\5.3.1\spring-orm-5.3.1.jar;C:\Users\Lenovo\.m2\repository\org\springframework\spring-context\5.3.1\spring-context-5.3.1.jar;C:\Users\Lenovo\.m2\repository\org\springframework\spring-tx\5.3.1\spring-tx-5.3.1.jar;C:\Users\Lenovo\.m2\repository\org\springframework\spring-beans\5.3.1\spring-beans-5.3.1.jar;C:\Users\Lenovo\.m2\repository\org\slf4j\slf4j-api\1.7.30\slf4j-api-1.7.30.jar;C:\Users\Lenovo\.m2\repository\org\springframework\spring-aspects\5.3.1\spring-aspects-5.3.1.jar;C:\Users\Lenovo\.m2\repository\org\springframework\boot\spring-boot-starter-web\2.4.0\spring-boot-starter-web-2.4.0.jar;C:\Users\Lenovo\.m2\repository\org\springframework\boot\spring-boot-starter\2.4.0\spring-boot-starter-2.4.0.jar;C:\Users\Lenovo\.m2\repository\org\springframework\boot\spring-boot\2.4.0\spring-boot-2.4.0.jar;C:\Users\Lenovo\.m2\repository\org\springframework\boot\spring-boot-autoconfigure\2.4.0\spring-boot-autoconfigure-2.4.0.jar;C:\Users\Lenovo\.m2\repository\org\springframework\boot\spring-boot-starter-logging\2.4.0\spring-boot-starter-logging-2.4.0.jar;C:\Users\Lenovo\.m2\repository\ch\qos\logback\logback-classic\1.2.3\logback-classic-1.2.3.jar;C:\Users\Lenovo\.m2\repository\ch\qos\logback\logback-core\1.2.3\logback-core-1.2.3.jar;C:\Users\Lenovo\.m2\repository\org\apache\logging\log4j\log4j-to-slf4j\2.13.3\log4j-to-slf4j-2.13.3.jar;C:\Users\Lenovo\.m2\repository\org\apache\logging\log4j\log4j-api\2.13.3\log4j-api-2.13.3.jar;C:\Users\Lenovo\.m2\repository\org\slf4j\jul-to-slf4j\1.7.30\jul-to-slf4j-1.7.30.jar;C:\Users\Lenovo\.m2\repository\jakarta\annotation\jakarta.annotation-api\1.3.5\jakarta.annotation-api-1.3.5.jar;C:\Users\Lenovo\.m2\repository\org\yaml\snakeyaml\1.27\snakeyaml-1.27.jar;C:\Users\Lenovo\.m2\repository\org\springframework\boot\spring-boot-starter-json\2.4.0\spring-boot-starter-json-2.4.0.jar;C:\Users\Lenovo\.m2\repository\com\fasterxml\jackson\core\jackson-databind\2.11.3\jackson-databind-2.11.3.jar;C:\Users\Lenovo\.m2\repository\com\fasterxml\jackson\core\jackson-annotations\2.11.3\jackson-annotations-2.11.3.jar;C:\Users\Lenovo\.m2\repository\com\fasterxml\jackson\core\jackson-core\2.11.3\jackson-core-2.11.3.jar;C:\Users\Lenovo\.m2\repository\com\fasterxml\jackson\datatype\jackson-datatype-jdk8\2.11.3\jackson-datatype-jdk8-2.11.3.jar;C:\Users\Lenovo\.m2\repository\com\fasterxml\jackson\datatype\jackson-datatype-jsr310\2.11.3\jackson-datatype-jsr310-2.11.3.jar;C:\Users\Lenovo\.m2\repository\com\fasterxml\jackson\module\jackson-module-parameter-names\2.11.3\jackson-module-parameter-names-2.11.3.jar;C:\Users\Lenovo\.m2\repository\org\springframework\boot\spring-boot-starter-tomcat\2.4.0\spring-boot-starter-tomcat-2.4.0.jar;C:\Users\Lenovo\.m2\repository\org\apache\tomcat\embed\tomcat-embed-core\9.0.39\tomcat-embed-core-9.0.39.jar;C:\Users\Lenovo\.m2\repository\org\glassfish\jakarta.el\3.0.3\jakarta.el-3.0.3.jar;C:\Users\Lenovo\.m2\repository\org\apache\tomcat\embed\tomcat-embed-websocket\9.0.39\tomcat-embed-websocket-9.0.39.jar;C:\Users\Lenovo\.m2\repository\org\springframework\spring-web\5.3.1\spring-web-5.3.1.jar;C:\Users\Lenovo\.m2\repository\org\springframework\spring-webmvc\5.3.1\spring-webmvc-5.3.1.jar;C:\Users\Lenovo\.m2\repository\org\springframework\spring-expression\5.3.1\spring-expression-5.3.1.jar;C:\Users\Lenovo\.m2\repository\mysql\mysql-connector-java\8.0.22\mysql-connector-java-8.0.22.jar;C:\Users\Lenovo\.m2\repository\org\projectlombok\lombok\1.18.16\lombok-1.18.16.jar;C:\Users\Lenovo\.m2\repository\org\springframework\boot\spring-boot-starter-test\2.4.0\spring-boot-starter-test-2.4.0.jar;C:\Users\Lenovo\.m2\repository\org\springframework\boot\spring-boot-test\2.4.0\spring-boot-test-2.4.0.jar;C:\Users\Lenovo\.m2\repository\org\springframework\boot\spring-boot-test-autoconfigure\2.4.0\spring-boot-test-autoconfigure-2.4.0.jar;C:\Users\Lenovo\.m2\repository\com\jayway\jsonpath\json-path\2.4.0\json-path-2.4.0.jar;C:\Users\Lenovo\.m2\repository\net\minidev\json-smart\2.3\json-smart-2.3.jar;C:\Users\Lenovo\.m2\repository\net\minidev\accessors-smart\1.2\accessors-smart-1.2.jar;C:\Users\Lenovo\.m2\repository\org\ow2\asm\asm\5.0.4\asm-5.0.4.jar;C:\Users\Lenovo\.m2\repository\jakarta\xml\bind\jakarta.xml.bind-api\2.3.3\jakarta.xml.bind-api-2.3.3.jar;C:\Users\Lenovo\.m2\repository\jakarta\activation\jakarta.activation-api\1.2.2\jakarta.activation-api-1.2.2.jar;C:\Users\Lenovo\.m2\repository\org\assertj\assertj-core\3.18.1\assertj-core-3.18.1.jar;C:\Users\Lenovo\.m2\repository\org\hamcrest\hamcrest\2.2\hamcrest-2.2.jar;C:\Users\Lenovo\.m2\repository\org\junit\jupiter\junit-jupiter\5.7.0\junit-jupiter-5.7.0.jar;C:\Users\Lenovo\.m2\repository\org\junit\jupiter\junit-jupiter-api\5.7.0\junit-jupiter-api-5.7.0.jar;C:\Users\Lenovo\.m2\repository\org\apiguardian\apiguardian-api\1.1.0\apiguardian-api-1.1.0.jar;C:\Users\Lenovo\.m2\repository\org\opentest4j\opentest4j\1.2.0\opentest4j-1.2.0.jar;C:\Users\Lenovo\.m2\repository\org\junit\platform\junit-platform-commons\1.7.0\junit-platform-commons-1.7.0.jar;C:\Users\Lenovo\.m2\repository\org\junit\jupiter\junit-jupiter-params\5.7.0\junit-jupiter-params-5.7.0.jar;C:\Users\Lenovo\.m2\repository\org\junit\jupiter\junit-jupiter-engine\5.7.0\junit-jupiter-engine-5.7.0.jar;C:\Users\Lenovo\.m2\repository\org\junit\platform\junit-platform-engine\1.7.0\junit-platform-engine-1.7.0.jar;C:\Users\Lenovo\.m2\repository\org\mockito\mockito-core\3.6.0\mockito-core-3.6.0.jar;C:\Users\Lenovo\.m2\repository\net\bytebuddy\byte-buddy-agent\1.10.18\byte-buddy-agent-1.10.18.jar;C:\Users\Lenovo\.m2\repository\org\objenesis\objenesis\3.1\objenesis-3.1.jar;C:\Users\Lenovo\.m2\repository\org\mockito\mockito-junit-jupiter\3.6.0\mockito-junit-jupiter-3.6.0.jar;C:\Users\Lenovo\.m2\repository\org\skyscreamer\jsonassert\1.5.0\jsonassert-1.5.0.jar;C:\Users\Lenovo\.m2\repository\com\vaadin\external\google\android-json\0.0.20131108.vaadin1\android-json-0.0.20131108.vaadin1.jar;C:\Users\Lenovo\.m2\repository\org\springframework\spring-core\5.3.1\spring-core-5.3.1.jar;C:\Users\Lenovo\.m2\repository\org\springframework\spring-jcl\5.3.1\spring-jcl-5.3.1.jar;C:\Users\Lenovo\.m2\repository\org\springframework\spring-test\5.3.1\spring-test-5.3.1.jar;C:\Users\Lenovo\.m2\repository\org\xmlunit\xmlunit-core\2.7.0\xmlunit-core-2.7.0.jar;C:\Users\Lenovo\.m2\repository\com\amazonaws\aws-java-sdk\1.11.133\aws-java-sdk-1.11.133.jar;C:\Users\Lenovo\.m2\repository\com\amazonaws\aws-java-sdk-athena\1.11.133\aws-java-sdk-athena-1.11.133.jar;C:\Users\Lenovo\.m2\repository\com\amazonaws\jmespath-java\1.11.133\jmespath-java-1.11.133.jar;C:\Users\Lenovo\.m2\repository\com\amazonaws\aws-java-sdk-marketplaceentitlement\1.11.133\aws-java-sdk-marketplaceentitlement-1.11.133.jar;C:\Users\Lenovo\.m2\repository\com\amazonaws\aws-java-sdk-codestar\1.11.133\aws-java-sdk-codestar-1.11.133.jar;C:\Users\Lenovo\.m2\repository\com\amazonaws\aws-java-sdk-lexmodelbuilding\1.11.133\aws-java-sdk-lexmodelbuilding-1.11.133.jar;C:\Users\Lenovo\.m2\repository\com\amazonaws\aws-java-sdk-resourcegroupstaggingapi\1.11.133\aws-java-sdk-resourcegroupstaggingapi-1.11.133.jar;C:\Users\Lenovo\.m2\repository\com\amazonaws\aws-java-sdk-pinpoint\1.11.133\aws-java-sdk-pinpoint-1.11.133.jar;C:\Users\Lenovo\.m2\repository\com\amazonaws\aws-java-sdk-xray\1.11.133\aws-java-sdk-xray-1.11.133.jar;C:\Users\Lenovo\.m2\repository\com\amazonaws\aws-java-sdk-opsworkscm\1.11.133\aws-java-sdk-opsworkscm-1.11.133.jar;C:\Users\Lenovo\.m2\repository\com\amazonaws\aws-java-sdk-support\1.11.133\aws-java-sdk-support-1.11.133.jar;C:\Users\Lenovo\.m2\repository\com\amazonaws\aws-java-sdk-simpledb\1.11.133\aws-java-sdk-simpledb-1.11.133.jar;C:\Users\Lenovo\.m2\repository\com\amazonaws\aws-java-sdk-servicecatalog\1.11.133\aws-java-sdk-servicecatalog-1.11.133.jar;C:\Users\Lenovo\.m2\repository\com\amazonaws\aws-java-sdk-servermigration\1.11.133\aws-java-sdk-servermigration-1.11.133.jar;C:\Users\Lenovo\.m2\repository\com\amazonaws\aws-java-sdk-simpleworkflow\1.11.133\aws-java-sdk-simpleworkflow-1.11.133.jar;C:\Users\Lenovo\.m2\repository\com\amazonaws\aws-java-sdk-storagegateway\1.11.133\aws-java-sdk-storagegateway-1.11.133.jar;C:\Users\Lenovo\.m2\repository\com\amazonaws\aws-java-sdk-route53\1.11.133\aws-java-sdk-route53-1.11.133.jar;C:\Users\Lenovo\.m2\repository\com\amazonaws\aws-java-sdk-s3\1.11.133\aws-java-sdk-s3-1.11.133.jar;C:\Users\Lenovo\.m2\repository\com\amazonaws\aws-java-sdk-importexport\1.11.133\aws-java-sdk-importexport-1.11.133.jar;C:\Users\Lenovo\.m2\repository\com\amazonaws\aws-java-sdk-sts\1.11.133\aws-java-sdk-sts-1.11.133.jar;C:\Users\Lenovo\.m2\repository\com\amazonaws\aws-java-sdk-sqs\1.11.133\aws-java-sdk-sqs-1.11.133.jar;C:\Users\Lenovo\.m2\repository\com\amazonaws\aws-java-sdk-rds\1.11.133\aws-java-sdk-rds-1.11.133.jar;C:\Users\Lenovo\.m2\repository\com\amazonaws\aws-java-sdk-redshift\1.11.133\aws-java-sdk-redshift-1.11.133.jar;C:\Users\Lenovo\.m2\repository\com\amazonaws\aws-java-sdk-elasticbeanstalk\1.11.133\aws-java-sdk-elasticbeanstalk-1.11.133.jar;C:\Users\Lenovo\.m2\repository\com\amazonaws\aws-java-sdk-glacier\1.11.133\aws-java-sdk-glacier-1.11.133.jar;C:\Users\Lenovo\.m2\repository\com\amazonaws\aws-java-sdk-iam\1.11.133\aws-java-sdk-iam-1.11.133.jar;C:\Users\Lenovo\.m2\repository\com\amazonaws\aws-java-sdk-datapipeline\1.11.133\aws-java-sdk-datapipeline-1.11.133.jar;C:\Users\Lenovo\.m2\repository\com\amazonaws\aws-java-sdk-elasticloadbalancing\1.11.133\aws-java-sdk-elasticloadbalancing-1.11.133.jar;C:\Users\Lenovo\.m2\repository\com\amazonaws\aws-java-sdk-elasticloadbalancingv2\1.11.133\aws-java-sdk-elasticloadbalancingv2-1.11.133.jar;C:\Users\Lenovo\.m2\repository\com\amazonaws\aws-java-sdk-emr\1.11.133\aws-java-sdk-emr-1.11.133.jar;C:\Users\Lenovo\.m2\repository\com\amazonaws\aws-java-sdk-elasticache\1.11.133\aws-java-sdk-elasticache-1.11.133.jar;C:\Users\Lenovo\.m2\repository\com\amazonaws\aws-java-sdk-elastictranscoder\1.11.133\aws-java-sdk-elastictranscoder-1.11.133.jar;C:\Users\Lenovo\.m2\repository\com\amazonaws\aws-java-sdk-ec2\1.11.133\aws-java-sdk-ec2-1.11.133.jar;C:\Users\Lenovo\.m2\repository\com\amazonaws\aws-java-sdk-dynamodb\1.11.133\aws-java-sdk-dynamodb-1.11.133.jar;C:\Users\Lenovo\.m2\repository\com\amazonaws\aws-java-sdk-sns\1.11.133\aws-java-sdk-sns-1.11.133.jar;C:\Users\Lenovo\.m2\repository\com\amazonaws\aws-java-sdk-budgets\1.11.133\aws-java-sdk-budgets-1.11.133.jar;C:\Users\Lenovo\.m2\repository\com\amazonaws\aws-java-sdk-cloudtrail\1.11.133\aws-java-sdk-cloudtrail-1.11.133.jar;C:\Users\Lenovo\.m2\repository\com\amazonaws\aws-java-sdk-cloudwatch\1.11.133\aws-java-sdk-cloudwatch-1.11.133.jar;C:\Users\Lenovo\.m2\repository\com\amazonaws\aws-java-sdk-logs\1.11.133\aws-java-sdk-logs-1.11.133.jar;C:\Users\Lenovo\.m2\repository\com\amazonaws\aws-java-sdk-events\1.11.133\aws-java-sdk-events-1.11.133.jar;C:\Users\Lenovo\.m2\repository\com\amazonaws\aws-java-sdk-cognitoidentity\1.11.133\aws-java-sdk-cognitoidentity-1.11.133.jar;C:\Users\Lenovo\.m2\repository\com\amazonaws\aws-java-sdk-cognitosync\1.11.133\aws-java-sdk-cognitosync-1.11.133.jar;C:\Users\Lenovo\.m2\repository\com\amazonaws\aws-java-sdk-directconnect\1.11.133\aws-java-sdk-directconnect-1.11.133.jar;C:\Users\Lenovo\.m2\repository\com\amazonaws\aws-java-sdk-cloudformation\1.11.133\aws-java-sdk-cloudformation-1.11.133.jar;C:\Users\Lenovo\.m2\repository\com\amazonaws\aws-java-sdk-cloudfront\1.11.133\aws-java-sdk-cloudfront-1.11.133.jar;C:\Users\Lenovo\.m2\repository\com\amazonaws\aws-java-sdk-clouddirectory\1.11.133\aws-java-sdk-clouddirectory-1.11.133.jar;C:\Users\Lenovo\.m2\repository\com\amazonaws\aws-java-sdk-kinesis\1.11.133\aws-java-sdk-kinesis-1.11.133.jar;C:\Users\Lenovo\.m2\repository\com\amazonaws\aws-java-sdk-opsworks\1.11.133\aws-java-sdk-opsworks-1.11.133.jar;C:\Users\Lenovo\.m2\repository\com\amazonaws\aws-java-sdk-ses\1.11.133\aws-java-sdk-ses-1.11.133.jar;C:\Users\Lenovo\.m2\repository\com\amazonaws\aws-java-sdk-autoscaling\1.11.133\aws-java-sdk-autoscaling-1.11.133.jar;C:\Users\Lenovo\.m2\repository\com\amazonaws\aws-java-sdk-cloudsearch\1.11.133\aws-java-sdk-cloudsearch-1.11.133.jar;C:\Users\Lenovo\.m2\repository\com\amazonaws\aws-java-sdk-cloudwatchmetrics\1.11.133\aws-java-sdk-cloudwatchmetrics-1.11.133.jar;C:\Users\Lenovo\.m2\repository\com\amazonaws\aws-java-sdk-codedeploy\1.11.133\aws-java-sdk-codedeploy-1.11.133.jar;C:\Users\Lenovo\.m2\repository\com\amazonaws\aws-java-sdk-codepipeline\1.11.133\aws-java-sdk-codepipeline-1.11.133.jar;C:\Users\Lenovo\.m2\repository\com\amazonaws\aws-java-sdk-kms\1.11.133\aws-java-sdk-kms-1.11.133.jar;C:\Users\Lenovo\.m2\repository\com\amazonaws\aws-java-sdk-config\1.11.133\aws-java-sdk-config-1.11.133.jar;C:\Users\Lenovo\.m2\repository\com\amazonaws\aws-java-sdk-lambda\1.11.133\aws-java-sdk-lambda-1.11.133.jar;C:\Users\Lenovo\.m2\repository\com\amazonaws\aws-java-sdk-ecs\1.11.133\aws-java-sdk-ecs-1.11.133.jar;C:\Users\Lenovo\.m2\repository\com\amazonaws\aws-java-sdk-ecr\1.11.133\aws-java-sdk-ecr-1.11.133.jar;C:\Users\Lenovo\.m2\repository\com\amazonaws\aws-java-sdk-cloudhsm\1.11.133\aws-java-sdk-cloudhsm-1.11.133.jar;C:\Users\Lenovo\.m2\repository\com\amazonaws\aws-java-sdk-ssm\1.11.133\aws-java-sdk-ssm-1.11.133.jar;C:\Users\Lenovo\.m2\repository\com\amazonaws\aws-java-sdk-workspaces\1.11.133\aws-java-sdk-workspaces-1.11.133.jar;C:\Users\Lenovo\.m2\repository\com\amazonaws\aws-java-sdk-machinelearning\1.11.133\aws-java-sdk-machinelearning-1.11.133.jar;C:\Users\Lenovo\.m2\repository\com\amazonaws\aws-java-sdk-directory\1.11.133\aws-java-sdk-directory-1.11.133.jar;C:\Users\Lenovo\.m2\repository\com\amazonaws\aws-java-sdk-efs\1.11.133\aws-java-sdk-efs-1.11.133.jar;C:\Users\Lenovo\.m2\repository\com\amazonaws\aws-java-sdk-codecommit\1.11.133\aws-java-sdk-codecommit-1.11.133.jar;C:\Users\Lenovo\.m2\repository\com\amazonaws\aws-java-sdk-devicefarm\1.11.133\aws-java-sdk-devicefarm-1.11.133.jar;C:\Users\Lenovo\.m2\repository\com\amazonaws\aws-java-sdk-elasticsearch\1.11.133\aws-java-sdk-elasticsearch-1.11.133.jar;C:\Users\Lenovo\.m2\repository\com\amazonaws\aws-java-sdk-waf\1.11.133\aws-java-sdk-waf-1.11.133.jar;C:\Users\Lenovo\.m2\repository\com\amazonaws\aws-java-sdk-marketplacecommerceanalytics\1.11.133\aws-java-sdk-marketplacecommerceanalytics-1.11.133.jar;C:\Users\Lenovo\.m2\repository\com\amazonaws\aws-java-sdk-inspector\1.11.133\aws-java-sdk-inspector-1.11.133.jar;C:\Users\Lenovo\.m2\repository\com\amazonaws\aws-java-sdk-iot\1.11.133\aws-java-sdk-iot-1.11.133.jar;C:\Users\Lenovo\.m2\repository\com\amazonaws\aws-java-sdk-api-gateway\1.11.133\aws-java-sdk-api-gateway-1.11.133.jar;C:\Users\Lenovo\.m2\repository\com\amazonaws\aws-java-sdk-acm\1.11.133\aws-java-sdk-acm-1.11.133.jar;C:\Users\Lenovo\.m2\repository\com\amazonaws\aws-java-sdk-gamelift\1.11.133\aws-java-sdk-gamelift-1.11.133.jar;C:\Users\Lenovo\.m2\repository\com\amazonaws\aws-java-sdk-dms\1.11.133\aws-java-sdk-dms-1.11.133.jar;C:\Users\Lenovo\.m2\repository\com\amazonaws\aws-java-sdk-marketplacemeteringservice\1.11.133\aws-java-sdk-marketplacemeteringservice-1.11.133.jar;C:\Users\Lenovo\.m2\repository\com\amazonaws\aws-java-sdk-cognitoidp\1.11.133\aws-java-sdk-cognitoidp-1.11.133.jar;C:\Users\Lenovo\.m2\repository\com\amazonaws\aws-java-sdk-discovery\1.11.133\aws-java-sdk-discovery-1.11.133.jar;C:\Users\Lenovo\.m2\repository\com\amazonaws\aws-java-sdk-applicationautoscaling\1.11.133\aws-java-sdk-applicationautoscaling-1.11.133.jar;C:\Users\Lenovo\.m2\repository\com\amazonaws\aws-java-sdk-snowball\1.11.133\aws-java-sdk-snowball-1.11.133.jar;C:\Users\Lenovo\.m2\repository\com\amazonaws\aws-java-sdk-rekognition\1.11.133\aws-java-sdk-rekognition-1.11.133.jar;C:\Users\Lenovo\.m2\repository\com\amazonaws\aws-java-sdk-polly\1.11.133\aws-java-sdk-polly-1.11.133.jar;C:\Users\Lenovo\.m2\repository\com\amazonaws\aws-java-sdk-lightsail\1.11.133\aws-java-sdk-lightsail-1.11.133.jar;C:\Users\Lenovo\.m2\repository\com\amazonaws\aws-java-sdk-stepfunctions\1.11.133\aws-java-sdk-stepfunctions-1.11.133.jar;C:\Users\Lenovo\.m2\repository\com\amazonaws\aws-java-sdk-health\1.11.133\aws-java-sdk-health-1.11.133.jar;C:\Users\Lenovo\.m2\repository\com\amazonaws\aws-java-sdk-costandusagereport\1.11.133\aws-java-sdk-costandusagereport-1.11.133.jar;C:\Users\Lenovo\.m2\repository\com\amazonaws\aws-java-sdk-codebuild\1.11.133\aws-java-sdk-codebuild-1.11.133.jar;C:\Users\Lenovo\.m2\repository\com\amazonaws\aws-java-sdk-appstream\1.11.133\aws-java-sdk-appstream-1.11.133.jar;C:\Users\Lenovo\.m2\repository\com\amazonaws\aws-java-sdk-shield\1.11.133\aws-java-sdk-shield-1.11.133.jar;C:\Users\Lenovo\.m2\repository\com\amazonaws\aws-java-sdk-batch\1.11.133\aws-java-sdk-batch-1.11.133.jar;C:\Users\Lenovo\.m2\repository\com\amazonaws\aws-java-sdk-lex\1.11.133\aws-java-sdk-lex-1.11.133.jar;C:\Users\Lenovo\.m2\repository\com\amazonaws\aws-java-sdk-mechanicalturkrequester\1.11.133\aws-java-sdk-mechanicalturkrequester-1.11.133.jar;C:\Users\Lenovo\.m2\repository\com\amazonaws\aws-java-sdk-organizations\1.11.133\aws-java-sdk-organizations-1.11.133.jar;C:\Users\Lenovo\.m2\repository\com\amazonaws\aws-java-sdk-workdocs\1.11.133\aws-java-sdk-workdocs-1.11.133.jar;C:\Users\Lenovo\.m2\repository\com\amazonaws\aws-java-sdk-core\1.11.133\aws-java-sdk-core-1.11.133.jar;C:\Users\Lenovo\.m2\repository\commons-logging\commons-logging\1.1.3\commons-logging-1.1.3.jar;C:\Users\Lenovo\.m2\repository\org\apache\httpcomponents\httpclient\4.5.13\httpclient-4.5.13.jar;C:\Users\Lenovo\.m2\repository\org\apache\httpcomponents\httpcore\4.4.13\httpcore-4.4.13.jar;C:\Users\Lenovo\.m2\repository\commons-codec\commons-codec\1.15\commons-codec-1.15.jar;C:\Users\Lenovo\.m2\repository\software\amazon\ion\ion-java\1.0.2\ion-java-1.0.2.jar;C:\Users\Lenovo\.m2\repository\com\fasterxml\jackson\dataformat\jackson-dataformat-cbor\2.11.3\jackson-dataformat-cbor-2.11.3.jar;C:\Users\Lenovo\.m2\repository\joda-time\joda-time\2.8.1\joda-time-2.8.1.jar;C:\Users\Lenovo\.m2\repository\com\amazonaws\aws-java-sdk-models\1.11.133\aws-java-sdk-models-1.11.133.jar;C:\Users\Lenovo\.m2\repository\com\amazonaws\aws-java-sdk-swf-libraries\1.11.22\aws-java-sdk-swf-libraries-1.11.22.jar;"/>
    <property name="sun.cpu.endian" value="little"/>
    <property name="user.home" value="C:\Users\Lenovo"/>
    <property name="user.language" value="en"/>
    <property name="java.specification.vendor" value="Oracle Corporation"/>
    <property name="java.version.date" value="2020-01-14"/>
    <property name="java.home" value="C:\Program Files\Java\jdk-13.0.2"/>
    <property name="file.separator" value="\"/>
    <property name="basedir" value="E:\Accenture-Task\restaurant-accenture\server"/>
    <property name="java.vm.compressedOopsMode" value="32-bit"/>
    <property name="line.separator" value="&#10;"/>
    <property name="java.vm.specification.vendor" value="Oracle Corporation"/>
    <property name="java.specification.name" value="Java Platform API Specification"/>
    <property name="surefire.real.class.path" value="C:\Users\Lenovo\AppData\Local\Temp\surefire7114924939474320821\surefirebooter16217499018566502372.jar"/>
    <property name="user.script" value=""/>
    <property name="sun.management.compiler" value="HotSpot 64-Bit Tiered Compilers"/>
    <property name="java.runtime.version" value="13.0.2+8"/>
    <property name="user.name" value="Lenovo"/>
    <property name="path.separator" value=";"/>
    <property name="os.version" value="10.0"/>
    <property name="java.runtime.name" value="Java(TM) SE Runtime Environment"/>
    <property name="file.encoding" value="Cp1252"/>
    <property name="java.vm.name" value="Java HotSpot(TM) 64-Bit Server VM"/>
    <property name="localRepository" value="C:\Users\Lenovo\.m2\repository"/>
    <property name="java.vendor.url.bug" value="https://bugreport.java.com/bugreport/"/>
    <property name="java.io.tmpdir" value="C:\Users\Lenovo\AppData\Local\Temp\"/>
    <property name="idea.version" value="2020.2.3"/>
    <property name="java.version" value="13.0.2"/>
    <property name="user.dir" value="E:\Accenture-Task\restaurant-accenture\server"/>
    <property name="os.arch" value="amd64"/>
    <property name="java.vm.specification.name" value="Java Virtual Machine Specification"/>
    <property name="sun.os.patch.level" value=""/>
    <property name="java.library.path" value="C:\Program Files\Java\jdk-13.0.2\bin;C:\Windows\Sun\Java\bin;C:\Windows\system32;C:\Windows;C:\Program Files (x86)\Common Files\Oracle\Java\javapath;C:\Python39\Scripts\;C:\Python39\;C:\Windows\system32;C:\Windows;C:\Windows\System32\Wbem;C:\Windows\System32\WindowsPowerShell\v1.0\;C:\Program Files\Git\cmd;C:\Program Files\nodejs\;C:\ProgramData\chocolatey\bin;C:\Program Files\PuTTY\;C:\Program Files\Java\jdk1.8.0_271\bin;C:\Program Files\MySQL\MySQL Server 8.0\bin;C:\Program Files\MySQL\MySQL Shell 8.0\bin\;C:\Users\Lenovo\AppData\Local\Microsoft\WindowsApps;C:\Program Files\JetBrains\IntelliJ IDEA 2020.2.3\bin;;C:\Users\Lenovo\AppData\Roaming\npm;C:\Program Files\MySQL\MySQL Server 5.0\bin\bin;C:\Program Files\apache-maven-3.6.3\bin;C:\Program Files\Java\jdk1.8.0_271\bin;C:\Program Files\MySQL\MySQL Server 8.0\bin;."/>
    <property name="java.vm.info" value="mixed mode, sharing"/>
    <property name="java.vendor" value="Oracle Corporation"/>
    <property name="java.vm.version" value="13.0.2+8"/>
    <property name="sun.io.unicode.encoding" value="UnicodeLittle"/>
    <property name="java.class.version" value="57.0"/>
  </properties>
  <testcase name="contextLoads" classname="de.accenture.restaurant.RestaurantApplicationTests" time="0.016"/>
</testsuite>